This file contains any messages produced by compilers while
running configure, to aid debugging if configure makes a mistake.

It was created by rgraph configure 1.0.0, which was
generated by GNU Autoconf 2.65.  Invocation command line was

  $ ./configure 

## --------- ##
## Platform. ##
## --------- ##

hostname = paupc
uname -m = i686
uname -r = 3.2.0-24-generic-pae
uname -s = Linux
uname -v = #39-Ubuntu SMP Mon May 21 18:54:21 UTC 2012

/usr/bin/uname -p = unknown
/bin/uname -X     = unknown

/bin/arch              = unknown
/usr/bin/arch -k       = unknown
/usr/convex/getsysinfo = unknown
/usr/bin/hostinfo      = unknown
/bin/machine           = unknown
/usr/bin/oslevel       = unknown
/bin/universe          = unknown

PATH: /usr/lib/lightdm/lightdm
PATH: /usr/local/sbin
PATH: /usr/local/bin
PATH: /usr/sbin
PATH: /usr/bin
PATH: /sbin
PATH: /bin
PATH: /usr/games


## ----------- ##
## Core tests. ##
## ----------- ##

configure:2717: checking for a BSD-compatible install
configure:2785: result: /usr/bin/install -c
configure:2796: checking whether build environment is sane
configure:2846: result: yes
configure:2987: checking for a thread-safe mkdir -p
configure:3026: result: /bin/mkdir -p
configure:3040: checking for gawk
configure:3070: result: no
configure:3040: checking for mawk
configure:3056: found /usr/bin/mawk
configure:3067: result: mawk
configure:3078: checking whether make sets $(MAKE)
configure:3100: result: yes
configure:3209: checking build system type
configure:3223: result: i686-pc-linux-gnu
configure:3243: checking host system type
configure:3256: result: i686-pc-linux-gnu
configure:3288: checking for style of include used by make
configure:3316: result: GNU
configure:3386: checking for gcc
configure:3402: found /usr/bin/gcc
configure:3413: result: gcc
configure:3642: checking for C compiler version
configure:3651: gcc --version >&5
gcc (Ubuntu/Linaro 4.6.3-1ubuntu5) 4.6.3
Copyright (C) 2011 Free Software Foundation, Inc.
This is free software; see the source for copying conditions.  There is NO
warranty; not even for MERCHANTABILITY or FITNESS FOR A PARTICULAR PURPOSE.

configure:3662: $? = 0
configure:3651: gcc -v >&5
Using built-in specs.
COLLECT_GCC=gcc
COLLECT_LTO_WRAPPER=/usr/lib/gcc/i686-linux-gnu/4.6/lto-wrapper
Target: i686-linux-gnu
Configured with: ../src/configure -v --with-pkgversion='Ubuntu/Linaro 4.6.3-1ubuntu5' --with-bugurl=file:///usr/share/doc/gcc-4.6/README.Bugs --enable-languages=c,c++,fortran,objc,obj-c++ --prefix=/usr --program-suffix=-4.6 --enable-shared --enable-linker-build-id --with-system-zlib --libexecdir=/usr/lib --without-included-gettext --enable-threads=posix --with-gxx-include-dir=/usr/include/c++/4.6 --libdir=/usr/lib --enable-nls --with-sysroot=/ --enable-clocale=gnu --enable-libstdcxx-debug --enable-libstdcxx-time=yes --enable-gnu-unique-object --enable-plugin --enable-objc-gc --enable-targets=all --disable-werror --with-arch-32=i686 --with-tune=generic --enable-checking=release --build=i686-linux-gnu --host=i686-linux-gnu --target=i686-linux-gnu
Thread model: posix
gcc version 4.6.3 (Ubuntu/Linaro 4.6.3-1ubuntu5) 
configure:3662: $? = 0
configure:3651: gcc -V >&5
gcc: error: unrecognized option '-V'
gcc: fatal error: no input files
compilation terminated.
configure:3662: $? = 4
configure:3651: gcc -qversion >&5
gcc: error: unrecognized option '-qversion'
gcc: fatal error: no input files
compilation terminated.
configure:3662: $? = 4
configure:3682: checking whether the C compiler works
configure:3704: gcc    conftest.c  >&5
configure:3708: $? = 0
configure:3757: result: yes
configure:3760: checking for C compiler default output file name
configure:3762: result: a.out
configure:3768: checking for suffix of executables
configure:3775: gcc -o conftest    conftest.c  >&5
configure:3779: $? = 0
configure:3801: result: 
configure:3823: checking whether we are cross compiling
configure:3831: gcc -o conftest    conftest.c  >&5
configure:3835: $? = 0
configure:3842: ./conftest
configure:3846: $? = 0
configure:3861: result: no
configure:3866: checking for suffix of object files
configure:3888: gcc -c   conftest.c >&5
configure:3892: $? = 0
configure:3913: result: o
configure:3917: checking whether we are using the GNU C compiler
configure:3936: gcc -c   conftest.c >&5
configure:3936: $? = 0
configure:3945: result: yes
configure:3954: checking whether gcc accepts -g
configure:3974: gcc -c -g  conftest.c >&5
configure:3974: $? = 0
configure:4015: result: yes
configure:4032: checking for gcc option to accept ISO C89
configure:4096: gcc  -c -g -O2  conftest.c >&5
configure:4096: $? = 0
configure:4109: result: none needed
configure:4131: checking dependency style of gcc
configure:4241: result: gcc3
configure:4256: checking for a sed that does not truncate output
configure:4320: result: /bin/sed
configure:4338: checking for grep that handles long lines and -e
configure:4396: result: /bin/grep
configure:4401: checking for egrep
configure:4463: result: /bin/grep -E
configure:4468: checking for fgrep
configure:4530: result: /bin/grep -F
configure:4565: checking for ld used by gcc
configure:4632: result: /usr/bin/ld
configure:4639: checking if the linker (/usr/bin/ld) is GNU ld
configure:4654: result: yes
configure:4666: checking for BSD- or MS-compatible name lister (nm)
configure:4715: result: /usr/bin/nm -B
configure:4833: checking the name lister (/usr/bin/nm -B) interface
configure:4840: gcc -c -g -O2  conftest.c >&5
configure:4843: /usr/bin/nm -B "conftest.o"
configure:4846: output
00000000 B some_variable
configure:4853: result: BSD nm
configure:4856: checking whether ln -s works
configure:4860: result: yes
configure:4868: checking the maximum length of command line arguments
configure:4988: result: 1572864
configure:5005: checking whether the shell understands some XSI constructs
configure:5015: result: yes
configure:5019: checking whether the shell understands "+="
configure:5025: result: yes
configure:5060: checking for /usr/bin/ld option to reload object files
configure:5067: result: -r
configure:5136: checking for objdump
configure:5152: found /usr/bin/objdump
configure:5163: result: objdump
configure:5195: checking how to recognize dependent libraries
configure:5391: result: pass_all
configure:5451: checking for ar
configure:5467: found /usr/bin/ar
configure:5478: result: ar
configure:5556: checking for strip
configure:5572: found /usr/bin/strip
configure:5583: result: strip
configure:5655: checking for ranlib
configure:5671: found /usr/bin/ranlib
configure:5682: result: ranlib
configure:5772: checking command to parse /usr/bin/nm -B output from gcc object
configure:5890: gcc -c -g -O2  conftest.c >&5
configure:5893: $? = 0
configure:5897: /usr/bin/nm -B conftest.o \| sed -n -e 's/^.*[	 ]\([ABCDGIRSTW][ABCDGIRSTW]*\)[	 ][	 ]*\([_A-Za-z][_A-Za-z0-9]*\)$/\1 \2 \2/p' \> conftest.nm
configure:5900: $? = 0
configure:5954: gcc -o conftest -g -O2   conftest.c conftstm.o >&5
configure:5957: $? = 0
configure:5995: result: ok
configure:6804: checking how to run the C preprocessor
configure:6835: gcc -E  conftest.c
configure:6835: $? = 0
configure:6849: gcc -E  conftest.c
conftest.c:11:28: fatal error: ac_nonexistent.h: No such file or directory
compilation terminated.
configure:6849: $? = 1
configure: failed program was:
| /* confdefs.h */
| #define PACKAGE_NAME "rgraph"
| #define PACKAGE_TARNAME "rgraph"
| #define PACKAGE_VERSION "1.0.0"
| #define PACKAGE_STRING "rgraph 1.0.0"
| #define PACKAGE_BUGREPORT "roger.guimera@gmail.com"
| #define PACKAGE_URL ""
| #define PACKAGE "rgraph"
| #define VERSION "1.0.0"
| /* end confdefs.h.  */
| #include <ac_nonexistent.h>
configure:6874: result: gcc -E
configure:6894: gcc -E  conftest.c
configure:6894: $? = 0
configure:6908: gcc -E  conftest.c
conftest.c:11:28: fatal error: ac_nonexistent.h: No such file or directory
compilation terminated.
configure:6908: $? = 1
configure: failed program was:
| /* confdefs.h */
| #define PACKAGE_NAME "rgraph"
| #define PACKAGE_TARNAME "rgraph"
| #define PACKAGE_VERSION "1.0.0"
| #define PACKAGE_STRING "rgraph 1.0.0"
| #define PACKAGE_BUGREPORT "roger.guimera@gmail.com"
| #define PACKAGE_URL ""
| #define PACKAGE "rgraph"
| #define VERSION "1.0.0"
| /* end confdefs.h.  */
| #include <ac_nonexistent.h>
configure:6937: checking for ANSI C header files
configure:6957: gcc -c -g -O2  conftest.c >&5
configure:6957: $? = 0
configure:7030: gcc -o conftest -g -O2   conftest.c  >&5
configure:7030: $? = 0
configure:7030: ./conftest
configure:7030: $? = 0
configure:7041: result: yes
configure:7054: checking for sys/types.h
configure:7054: gcc -c -g -O2  conftest.c >&5
configure:7054: $? = 0
configure:7054: result: yes
configure:7054: checking for sys/stat.h
configure:7054: gcc -c -g -O2  conftest.c >&5
configure:7054: $? = 0
configure:7054: result: yes
configure:7054: checking for stdlib.h
configure:7054: gcc -c -g -O2  conftest.c >&5
configure:7054: $? = 0
configure:7054: result: yes
configure:7054: checking for string.h
configure:7054: gcc -c -g -O2  conftest.c >&5
configure:7054: $? = 0
configure:7054: result: yes
configure:7054: checking for memory.h
configure:7054: gcc -c -g -O2  conftest.c >&5
configure:7054: $? = 0
configure:7054: result: yes
configure:7054: checking for strings.h
configure:7054: gcc -c -g -O2  conftest.c >&5
configure:7054: $? = 0
configure:7054: result: yes
configure:7054: checking for inttypes.h
configure:7054: gcc -c -g -O2  conftest.c >&5
configure:7054: $? = 0
configure:7054: result: yes
configure:7054: checking for stdint.h
configure:7054: gcc -c -g -O2  conftest.c >&5
configure:7054: $? = 0
configure:7054: result: yes
configure:7054: checking for unistd.h
configure:7054: gcc -c -g -O2  conftest.c >&5
configure:7054: $? = 0
configure:7054: result: yes
configure:7069: checking for dlfcn.h
configure:7069: gcc -c -g -O2  conftest.c >&5
configure:7069: $? = 0
configure:7069: result: yes
configure:7253: checking for objdir
configure:7268: result: .libs
configure:7564: checking if gcc supports -fno-rtti -fno-exceptions
configure:7582: gcc -c -g -O2  -fno-rtti -fno-exceptions conftest.c >&5
cc1: warning: command line option '-fno-rtti' is valid for C++/ObjC++ but not for C [enabled by default]
configure:7586: $? = 0
configure:7599: result: no
configure:7619: checking for gcc option to produce PIC
configure:7891: result: -fPIC -DPIC
configure:7903: checking if gcc PIC flag -fPIC -DPIC works
configure:7921: gcc -c -g -O2  -fPIC -DPIC -DPIC conftest.c >&5
configure:7925: $? = 0
configure:7938: result: yes
configure:7962: checking if gcc static flag -static works
configure:7990: result: yes
configure:8005: checking if gcc supports -c -o file.o
configure:8026: gcc -c -g -O2  -o out/conftest2.o conftest.c >&5
configure:8030: $? = 0
configure:8052: result: yes
configure:8060: checking if gcc supports -c -o file.o
configure:8107: result: yes
configure:8140: checking whether the gcc linker (/usr/bin/ld) supports shared libraries
configure:9131: result: yes
configure:9168: checking whether -lc should be explicitly linked in
configure:9173: gcc -c -g -O2  conftest.c >&5
configure:9176: $? = 0
configure:9191: gcc -shared conftest.o  -v -Wl,-soname -Wl,conftest -o conftest 2\>\&1 \| /bin/grep  -lc  \>/dev/null 2\>\&1
configure:9194: $? = 0
configure:9206: result: no
configure:9370: checking dynamic linker characteristics
configure:9803: gcc -o conftest -g -O2   -Wl,-rpath -Wl,/foo conftest.c  >&5
configure:9803: $? = 0
configure:10033: result: GNU/Linux ld.so
configure:10135: checking how to hardcode library paths into programs
configure:10160: result: immediate
configure:10680: checking whether stripping libraries is possible
configure:10685: result: yes
configure:10720: checking if libtool supports shared libraries
configure:10722: result: yes
configure:10725: checking whether to build shared libraries
configure:10746: result: yes
configure:10749: checking whether to build static libraries
configure:10753: result: yes
configure:10884: checking for ld used by GCC
configure:10947: result: /usr/bin/ld
configure:10954: checking if the linker (/usr/bin/ld) is GNU ld
configure:10966: result: yes
configure:10971: checking for /usr/bin/ld option to reload object files
configure:10978: result: -r
configure:10983: checking for BSD-compatible nm
configure:11019: result: /usr/bin/nm -B
configure:11022: checking for a sed that does not truncate output
configure:11104: result: /bin/sed
configure:11107: checking how to recognise dependent libraries
configure:11288: result: pass_all
configure:11300: checking command to parse /usr/bin/nm -B output
configure:11493: result: ok
configure:11499: checking for dlfcn.h
configure:11499: result: yes
configure:11696: checking for ranlib
configure:11723: result: ranlib
configure:11788: checking for strip
configure:11815: result: strip
configure:12018: checking for objdir
configure:12029: result: .libs
configure:12050: checking for gcc option to produce PIC
configure:12196: result: -fPIC
configure:12200: checking if gcc PIC flag -fPIC works
configure:12218: gcc -c -g -O2 -fPIC -DPIC  conftest.c >&5
configure:12218: $? = 0
configure:12252: result: yes
configure:12272: checking if gcc static flag -static works
configure:12291: gcc -o conftest -g -O2   -static conftest.c  >&5
configure:12291: $? = 0
configure:12303: result: yes
configure:12319: checking if gcc supports -c -o file.o
configure:12339: gcc -c -g -O2 -o out/conftest2.o  conftest.c >&5
configure:12363: result: yes
configure:12368: checking if gcc supports -c -o file.lo
configure:12390: gcc -c -g -O2 -c -o conftest.lo  conftest.c >&5
configure:12390: $? = 0
configure:12407: result: yes
configure:12446: checking if gcc supports -fno-rtti -fno-exceptions
configure:12463: gcc -c -g -O2 -fno-rtti -fno-exceptions -c conftest.c  conftest.c >&5
cc1: warning: command line option '-fno-rtti' is valid for C++/ObjC++ but not for C [enabled by default]
cc1: warning: command line option '-fno-rtti' is valid for C++/ObjC++ but not for C [enabled by default]
configure:12463: $? = 0
configure:12475: result: no
configure:12490: checking whether the linker (/usr/bin/ld) supports shared libraries
configure:13185: result: yes
configure:13194: checking how to hardcode library paths into programs
configure:13218: result: immediate
configure:13227: checking whether stripping libraries is possible
configure:13232: result: yes
configure:13247: checking dynamic linker characteristics
configure:13678: result: GNU/Linux ld.so
configure:13687: checking if libtool supports shared libraries
configure:13689: result: yes
configure:13696: checking whether to build shared libraries
configure:13717: result: yes
configure:13724: checking whether to build static libraries
configure:13728: result: yes
configure:14192: checking whether -lc should be explicitly linked in
configure:14200: gcc -c -g -O2  conftest.c >&5
configure:14203: $? = 0
configure:14217: gcc -shared conftest.o  -v -Wl,-soname -Wl,conftest -o conftest 2\>\&1 \| grep  -lc  \>/dev/null 2\>\&1
configure:14220: $? = 0
configure:14233: result: no
configure:14870: checking for g++
configure:14886: found /usr/bin/g++
configure:14897: result: g++
configure:14924: checking for C++ compiler version
configure:14933: g++ --version >&5
g++ (Ubuntu/Linaro 4.6.3-1ubuntu5) 4.6.3
Copyright (C) 2011 Free Software Foundation, Inc.
This is free software; see the source for copying conditions.  There is NO
warranty; not even for MERCHANTABILITY or FITNESS FOR A PARTICULAR PURPOSE.

configure:14944: $? = 0
configure:14933: g++ -v >&5
Using built-in specs.
COLLECT_GCC=g++
COLLECT_LTO_WRAPPER=/usr/lib/gcc/i686-linux-gnu/4.6/lto-wrapper
Target: i686-linux-gnu
Configured with: ../src/configure -v --with-pkgversion='Ubuntu/Linaro 4.6.3-1ubuntu5' --with-bugurl=file:///usr/share/doc/gcc-4.6/README.Bugs --enable-languages=c,c++,fortran,objc,obj-c++ --prefix=/usr --program-suffix=-4.6 --enable-shared --enable-linker-build-id --with-system-zlib --libexecdir=/usr/lib --without-included-gettext --enable-threads=posix --with-gxx-include-dir=/usr/include/c++/4.6 --libdir=/usr/lib --enable-nls --with-sysroot=/ --enable-clocale=gnu --enable-libstdcxx-debug --enable-libstdcxx-time=yes --enable-gnu-unique-object --enable-plugin --enable-objc-gc --enable-targets=all --disable-werror --with-arch-32=i686 --with-tune=generic --enable-checking=release --build=i686-linux-gnu --host=i686-linux-gnu --target=i686-linux-gnu
Thread model: posix
gcc version 4.6.3 (Ubuntu/Linaro 4.6.3-1ubuntu5) 
configure:14944: $? = 0
configure:14933: g++ -V >&5
g++: error: unrecognized option '-V'
g++: fatal error: no input files
compilation terminated.
configure:14944: $? = 4
configure:14933: g++ -qversion >&5
g++: error: unrecognized option '-qversion'
g++: fatal error: no input files
compilation terminated.
configure:14944: $? = 4
configure:14948: checking whether we are using the GNU C++ compiler
configure:14967: g++ -c   conftest.cpp >&5
configure:14967: $? = 0
configure:14976: result: yes
configure:14985: checking whether g++ accepts -g
configure:15005: g++ -c -g  conftest.cpp >&5
configure:15005: $? = 0
configure:15046: result: yes
configure:15071: checking dependency style of g++
configure:15181: result: gcc3
configure:15309: checking for C++ compiler version
configure:15318: g++ --version >&5
g++ (Ubuntu/Linaro 4.6.3-1ubuntu5) 4.6.3
Copyright (C) 2011 Free Software Foundation, Inc.
This is free software; see the source for copying conditions.  There is NO
warranty; not even for MERCHANTABILITY or FITNESS FOR A PARTICULAR PURPOSE.

configure:15329: $? = 0
configure:15318: g++ -v >&5
Using built-in specs.
COLLECT_GCC=g++
COLLECT_LTO_WRAPPER=/usr/lib/gcc/i686-linux-gnu/4.6/lto-wrapper
Target: i686-linux-gnu
Configured with: ../src/configure -v --with-pkgversion='Ubuntu/Linaro 4.6.3-1ubuntu5' --with-bugurl=file:///usr/share/doc/gcc-4.6/README.Bugs --enable-languages=c,c++,fortran,objc,obj-c++ --prefix=/usr --program-suffix=-4.6 --enable-shared --enable-linker-build-id --with-system-zlib --libexecdir=/usr/lib --without-included-gettext --enable-threads=posix --with-gxx-include-dir=/usr/include/c++/4.6 --libdir=/usr/lib --enable-nls --with-sysroot=/ --enable-clocale=gnu --enable-libstdcxx-debug --enable-libstdcxx-time=yes --enable-gnu-unique-object --enable-plugin --enable-objc-gc --enable-targets=all --disable-werror --with-arch-32=i686 --with-tune=generic --enable-checking=release --build=i686-linux-gnu --host=i686-linux-gnu --target=i686-linux-gnu
Thread model: posix
gcc version 4.6.3 (Ubuntu/Linaro 4.6.3-1ubuntu5) 
configure:15329: $? = 0
configure:15318: g++ -V >&5
g++: error: unrecognized option '-V'
g++: fatal error: no input files
compilation terminated.
configure:15329: $? = 4
configure:15318: g++ -qversion >&5
g++: error: unrecognized option '-qversion'
g++: fatal error: no input files
compilation terminated.
configure:15329: $? = 4
configure:15333: checking whether we are using the GNU C++ compiler
configure:15361: result: yes
configure:15370: checking whether g++ accepts -g
configure:15431: result: yes
configure:15456: checking dependency style of g++
configure:15566: result: gcc3
configure:15589: checking how to run the C++ preprocessor
configure:15616: g++ -E  conftest.cpp
configure:15616: $? = 0
configure:15630: g++ -E  conftest.cpp
conftest.cpp:24:28: fatal error: ac_nonexistent.h: No such file or directory
compilation terminated.
configure:15630: $? = 1
configure: failed program was:
| /* confdefs.h */
| #define PACKAGE_NAME "rgraph"
| #define PACKAGE_TARNAME "rgraph"
| #define PACKAGE_VERSION "1.0.0"
| #define PACKAGE_STRING "rgraph 1.0.0"
| #define PACKAGE_BUGREPORT "roger.guimera@gmail.com"
| #define PACKAGE_URL ""
| #define PACKAGE "rgraph"
| #define VERSION "1.0.0"
| #define STDC_HEADERS 1
| #define HAVE_SYS_TYPES_H 1
| #define HAVE_SYS_STAT_H 1
| #define HAVE_STDLIB_H 1
| #define HAVE_STRING_H 1
| #define HAVE_MEMORY_H 1
| #define HAVE_STRINGS_H 1
| #define HAVE_INTTYPES_H 1
| #define HAVE_STDINT_H 1
| #define HAVE_UNISTD_H 1
| #define HAVE_DLFCN_H 1
| #define LT_OBJDIR ".libs/"
| #define HAVE_DLFCN_H 1
| /* end confdefs.h.  */
| #include <ac_nonexistent.h>
configure:15655: result: g++ -E
configure:15675: g++ -E  conftest.cpp
configure:15675: $? = 0
configure:15689: g++ -E  conftest.cpp
conftest.cpp:24:28: fatal error: ac_nonexistent.h: No such file or directory
compilation terminated.
configure:15689: $? = 1
configure: failed program was:
| /* confdefs.h */
| #define PACKAGE_NAME "rgraph"
| #define PACKAGE_TARNAME "rgraph"
| #define PACKAGE_VERSION "1.0.0"
| #define PACKAGE_STRING "rgraph 1.0.0"
| #define PACKAGE_BUGREPORT "roger.guimera@gmail.com"
| #define PACKAGE_URL ""
| #define PACKAGE "rgraph"
| #define VERSION "1.0.0"
| #define STDC_HEADERS 1
| #define HAVE_SYS_TYPES_H 1
| #define HAVE_SYS_STAT_H 1
| #define HAVE_STDLIB_H 1
| #define HAVE_STRING_H 1
| #define HAVE_MEMORY_H 1
| #define HAVE_STRINGS_H 1
| #define HAVE_INTTYPES_H 1
| #define HAVE_STDINT_H 1
| #define HAVE_UNISTD_H 1
| #define HAVE_DLFCN_H 1
| #define LT_OBJDIR ".libs/"
| #define HAVE_DLFCN_H 1
| /* end confdefs.h.  */
| #include <ac_nonexistent.h>
configure:15857: checking for ld used by g++
configure:15924: result: /usr/bin/ld
configure:15931: checking if the linker (/usr/bin/ld) is GNU ld
configure:15946: result: yes
configure:16001: checking whether the g++ linker (/usr/bin/ld) supports shared libraries
configure:16914: result: yes
configure:16942: g++ -c -g -O2  conftest.cpp >&5
configure:16945: $? = 0
configure:17127: checking for g++ option to produce PIC
configure:17444: result: -fPIC -DPIC
configure:17453: checking if g++ PIC flag -fPIC -DPIC works
configure:17471: g++ -c -g -O2  -fPIC -DPIC -DPIC conftest.cpp >&5
configure:17475: $? = 0
configure:17488: result: yes
configure:17509: checking if g++ static flag -static works
configure:17537: result: yes
configure:17549: checking if g++ supports -c -o file.o
configure:17570: g++ -c -g -O2  -o out/conftest2.o conftest.cpp >&5
configure:17574: $? = 0
configure:17596: result: yes
configure:17601: checking if g++ supports -c -o file.o
configure:17648: result: yes
configure:17678: checking whether the g++ linker (/usr/bin/ld) supports shared libraries
configure:17707: result: yes
configure:17844: checking dynamic linker characteristics
configure:18225: g++ -o conftest -g -O2   -Wl,-rpath -Wl,/foo conftest.cpp  >&5
configure:18225: $? = 0
configure:18455: result: GNU/Linux ld.so
configure:18506: checking how to hardcode library paths into programs
configure:18531: result: immediate
configure:18618: checking for gcc
configure:18645: result: gcc
configure:18874: checking for C compiler version
configure:18883: gcc --version >&5
gcc (Ubuntu/Linaro 4.6.3-1ubuntu5) 4.6.3
Copyright (C) 2011 Free Software Foundation, Inc.
This is free software; see the source for copying conditions.  There is NO
warranty; not even for MERCHANTABILITY or FITNESS FOR A PARTICULAR PURPOSE.

configure:18894: $? = 0
configure:18883: gcc -v >&5
Using built-in specs.
COLLECT_GCC=gcc
COLLECT_LTO_WRAPPER=/usr/lib/gcc/i686-linux-gnu/4.6/lto-wrapper
Target: i686-linux-gnu
Configured with: ../src/configure -v --with-pkgversion='Ubuntu/Linaro 4.6.3-1ubuntu5' --with-bugurl=file:///usr/share/doc/gcc-4.6/README.Bugs --enable-languages=c,c++,fortran,objc,obj-c++ --prefix=/usr --program-suffix=-4.6 --enable-shared --enable-linker-build-id --with-system-zlib --libexecdir=/usr/lib --without-included-gettext --enable-threads=posix --with-gxx-include-dir=/usr/include/c++/4.6 --libdir=/usr/lib --enable-nls --with-sysroot=/ --enable-clocale=gnu --enable-libstdcxx-debug --enable-libstdcxx-time=yes --enable-gnu-unique-object --enable-plugin --enable-objc-gc --enable-targets=all --disable-werror --with-arch-32=i686 --with-tune=generic --enable-checking=release --build=i686-linux-gnu --host=i686-linux-gnu --target=i686-linux-gnu
Thread model: posix
gcc version 4.6.3 (Ubuntu/Linaro 4.6.3-1ubuntu5) 
configure:18894: $? = 0
configure:18883: gcc -V >&5
gcc: error: unrecognized option '-V'
gcc: fatal error: no input files
compilation terminated.
configure:18894: $? = 4
configure:18883: gcc -qversion >&5
gcc: error: unrecognized option '-qversion'
gcc: fatal error: no input files
compilation terminated.
configure:18894: $? = 4
configure:18898: checking whether we are using the GNU C compiler
configure:18926: result: yes
configure:18935: checking whether gcc accepts -g
configure:18996: result: yes
configure:19013: checking for gcc option to accept ISO C89
configure:19090: result: none needed
configure:19112: checking dependency style of gcc
configure:19222: result: gcc3
configure:19280: checking for ranlib
configure:19307: result: ranlib
configure:19343: checking how to run the C preprocessor
configure:19413: result: gcc -E
configure:19433: gcc -E  conftest.c
configure:19433: $? = 0
configure:19447: gcc -E  conftest.c
conftest.c:24:28: fatal error: ac_nonexistent.h: No such file or directory
compilation terminated.
configure:19447: $? = 1
configure: failed program was:
| /* confdefs.h */
| #define PACKAGE_NAME "rgraph"
| #define PACKAGE_TARNAME "rgraph"
| #define PACKAGE_VERSION "1.0.0"
| #define PACKAGE_STRING "rgraph 1.0.0"
| #define PACKAGE_BUGREPORT "roger.guimera@gmail.com"
| #define PACKAGE_URL ""
| #define PACKAGE "rgraph"
| #define VERSION "1.0.0"
| #define STDC_HEADERS 1
| #define HAVE_SYS_TYPES_H 1
| #define HAVE_SYS_STAT_H 1
| #define HAVE_STDLIB_H 1
| #define HAVE_STRING_H 1
| #define HAVE_MEMORY_H 1
| #define HAVE_STRINGS_H 1
| #define HAVE_INTTYPES_H 1
| #define HAVE_STDINT_H 1
| #define HAVE_UNISTD_H 1
| #define HAVE_DLFCN_H 1
| #define LT_OBJDIR ".libs/"
| #define HAVE_DLFCN_H 1
| /* end confdefs.h.  */
| #include <ac_nonexistent.h>
configure:19476: checking whether ln -s works
configure:19480: result: yes
configure:19487: checking whether make sets $(MAKE)
configure:19509: result: yes
configure:19519: checking whether make sets $(MAKE)
configure:19541: result: yes
configure:19552: checking for exp in -lm
configure:19577: gcc -o conftest -g -O2   conftest.c -lm   >&5
conftest.c:31:6: warning: conflicting types for built-in function 'exp' [enabled by default]
configure:19577: $? = 0
configure:19586: result: yes
configure:19597: checking for cblas_zgemm in -lgslcblas
configure:19622: gcc -o conftest -g -O2   conftest.c -lgslcblas  -lm  >&5
configure:19622: $? = 0
configure:19631: result: yes
configure:19644: checking for gsl_vector_set in -lgsl
configure:19669: gcc -o conftest -g -O2   conftest.c -lgsl  -lgslcblas -lm  >&5
configure:19669: $? = 0
configure:19678: result: yes
configure:19710: checking search.h usability
configure:19710: gcc -c -g -O2  conftest.c >&5
configure:19710: $? = 0
configure:19710: result: yes
configure:19710: checking search.h presence
configure:19710: gcc -E  conftest.c
configure:19710: $? = 0
configure:19710: result: yes
configure:19710: checking for search.h
configure:19710: result: yes
configure:19727: checking whether the preprocessor supports include_next
configure:19765: gcc -c -g -O2  -Iconftestd1b -Iconftestd2 conftest.c >&5
configure:19765: $? = 0
configure:19786: result: yes
configure:19911: checking whether tdelete is declared without a macro
configure:19929: gcc -c -g -O2  conftest.c >&5
configure:19929: $? = 0
configure:19937: result: yes
configure:19911: checking whether tfind is declared without a macro
configure:19929: gcc -c -g -O2  conftest.c >&5
configure:19929: $? = 0
configure:19937: result: yes
configure:19911: checking whether tsearch is declared without a macro
configure:19929: gcc -c -g -O2  conftest.c >&5
configure:19929: $? = 0
configure:19937: result: yes
configure:19911: checking whether twalk is declared without a macro
configure:19929: gcc -c -g -O2  conftest.c >&5
configure:19929: $? = 0
configure:19937: result: yes
configure:19955: checking for tsearch
configure:19955: gcc -o conftest -g -O2   conftest.c -lgsl -lgslcblas -lm  >&5
configure:19955: $? = 0
configure:19955: result: yes
configure:19966: checking whether tdelete works
configure:20001: gcc -o conftest -g -O2   conftest.c -lgsl -lgslcblas -lm  >&5
configure:20001: $? = 0
configure:20001: ./conftest
configure:20001: $? = 0
configure:20012: result: yes
configure:20099: checking for ANSI C header files
configure:20203: result: yes
configure:20211: checking for stdbool.h that conforms to C99
configure:20296: gcc -c -g -O2  conftest.c >&5
configure:20296: $? = 0
configure:20303: result: yes
configure:20305: checking for _Bool
configure:20305: gcc -c -g -O2  conftest.c >&5
configure:20305: $? = 0
configure:20305: gcc -c -g -O2  conftest.c >&5
conftest.c: In function 'main':
conftest.c:71:20: error: expected expression before ')' token
configure:20305: $? = 1
configure: failed program was:
| /* confdefs.h */
| #define PACKAGE_NAME "rgraph"
| #define PACKAGE_TARNAME "rgraph"
| #define PACKAGE_VERSION "1.0.0"
| #define PACKAGE_STRING "rgraph 1.0.0"
| #define PACKAGE_BUGREPORT "roger.guimera@gmail.com"
| #define PACKAGE_URL ""
| #define PACKAGE "rgraph"
| #define VERSION "1.0.0"
| #define STDC_HEADERS 1
| #define HAVE_SYS_TYPES_H 1
| #define HAVE_SYS_STAT_H 1
| #define HAVE_STDLIB_H 1
| #define HAVE_STRING_H 1
| #define HAVE_MEMORY_H 1
| #define HAVE_STRINGS_H 1
| #define HAVE_INTTYPES_H 1
| #define HAVE_STDINT_H 1
| #define HAVE_UNISTD_H 1
| #define HAVE_DLFCN_H 1
| #define LT_OBJDIR ".libs/"
| #define HAVE_DLFCN_H 1
| #define HAVE_LIBM 1
| #define HAVE_LIBGSLCBLAS 1
| #define HAVE_LIBGSL 1
| #define HAVE_SEARCH_H 1
| #define HAVE_RAW_DECL_TDELETE 1
| #define HAVE_RAW_DECL_TFIND 1
| #define HAVE_RAW_DECL_TSEARCH 1
| #define HAVE_RAW_DECL_TWALK 1
| #define HAVE_TSEARCH 1
| #define GNULIB_TEST_TSEARCH 1
| #define STDC_HEADERS 1
| /* end confdefs.h.  */
| #include <stdio.h>
| #ifdef HAVE_SYS_TYPES_H
| # include <sys/types.h>
| #endif
| #ifdef HAVE_SYS_STAT_H
| # include <sys/stat.h>
| #endif
| #ifdef STDC_HEADERS
| # include <stdlib.h>
| # include <stddef.h>
| #else
| # ifdef HAVE_STDLIB_H
| #  include <stdlib.h>
| # endif
| #endif
| #ifdef HAVE_STRING_H
| # if !defined STDC_HEADERS && defined HAVE_MEMORY_H
| #  include <memory.h>
| # endif
| # include <string.h>
| #endif
| #ifdef HAVE_STRINGS_H
| # include <strings.h>
| #endif
| #ifdef HAVE_INTTYPES_H
| # include <inttypes.h>
| #endif
| #ifdef HAVE_STDINT_H
| # include <stdint.h>
| #endif
| #ifdef HAVE_UNISTD_H
| # include <unistd.h>
| #endif
| int
| main ()
| {
| if (sizeof ((_Bool)))
| 	    return 0;
|   ;
|   return 0;
| }
configure:20305: result: yes
configure:20321: checking for stdlib.h
configure:20321: result: yes
configure:20327: checking for string.h
configure:20327: result: yes
configure:20333: checking gsl/gsl_vector.h usability
configure:20333: gcc -c -g -O2  conftest.c >&5
configure:20333: $? = 0
configure:20333: result: yes
configure:20333: checking gsl/gsl_vector.h presence
configure:20333: gcc -E  conftest.c
configure:20333: $? = 0
configure:20333: result: yes
configure:20333: checking for gsl/gsl_vector.h
configure:20333: result: yes
configure:20341: checking gsl/gsl_rng.h usability
configure:20341: gcc -c -g -O2  conftest.c >&5
configure:20341: $? = 0
configure:20341: result: yes
configure:20341: checking gsl/gsl_rng.h presence
configure:20341: gcc -E  conftest.c
configure:20341: $? = 0
configure:20341: result: yes
configure:20341: checking for gsl/gsl_rng.h
configure:20341: result: yes
configure:20351: checking for size_t
configure:20351: gcc -c -g -O2  conftest.c >&5
configure:20351: $? = 0
configure:20351: gcc -c -g -O2  conftest.c >&5
conftest.c: In function 'main':
conftest.c:73:21: error: expected expression before ')' token
configure:20351: $? = 1
configure: failed program was:
| /* confdefs.h */
| #define PACKAGE_NAME "rgraph"
| #define PACKAGE_TARNAME "rgraph"
| #define PACKAGE_VERSION "1.0.0"
| #define PACKAGE_STRING "rgraph 1.0.0"
| #define PACKAGE_BUGREPORT "roger.guimera@gmail.com"
| #define PACKAGE_URL ""
| #define PACKAGE "rgraph"
| #define VERSION "1.0.0"
| #define STDC_HEADERS 1
| #define HAVE_SYS_TYPES_H 1
| #define HAVE_SYS_STAT_H 1
| #define HAVE_STDLIB_H 1
| #define HAVE_STRING_H 1
| #define HAVE_MEMORY_H 1
| #define HAVE_STRINGS_H 1
| #define HAVE_INTTYPES_H 1
| #define HAVE_STDINT_H 1
| #define HAVE_UNISTD_H 1
| #define HAVE_DLFCN_H 1
| #define LT_OBJDIR ".libs/"
| #define HAVE_DLFCN_H 1
| #define HAVE_LIBM 1
| #define HAVE_LIBGSLCBLAS 1
| #define HAVE_LIBGSL 1
| #define HAVE_SEARCH_H 1
| #define HAVE_RAW_DECL_TDELETE 1
| #define HAVE_RAW_DECL_TFIND 1
| #define HAVE_RAW_DECL_TSEARCH 1
| #define HAVE_RAW_DECL_TWALK 1
| #define HAVE_TSEARCH 1
| #define GNULIB_TEST_TSEARCH 1
| #define STDC_HEADERS 1
| #define HAVE__BOOL 1
| #define HAVE_STDBOOL_H 1
| /* end confdefs.h.  */
| #include <stdio.h>
| #ifdef HAVE_SYS_TYPES_H
| # include <sys/types.h>
| #endif
| #ifdef HAVE_SYS_STAT_H
| # include <sys/stat.h>
| #endif
| #ifdef STDC_HEADERS
| # include <stdlib.h>
| # include <stddef.h>
| #else
| # ifdef HAVE_STDLIB_H
| #  include <stdlib.h>
| # endif
| #endif
| #ifdef HAVE_STRING_H
| # if !defined STDC_HEADERS && defined HAVE_MEMORY_H
| #  include <memory.h>
| # endif
| # include <string.h>
| #endif
| #ifdef HAVE_STRINGS_H
| # include <strings.h>
| #endif
| #ifdef HAVE_INTTYPES_H
| # include <inttypes.h>
| #endif
| #ifdef HAVE_STDINT_H
| # include <stdint.h>
| #endif
| #ifdef HAVE_UNISTD_H
| # include <unistd.h>
| #endif
| int
| main ()
| {
| if (sizeof ((size_t)))
| 	    return 0;
|   ;
|   return 0;
| }
configure:20351: result: yes
configure:20362: checking for an ANSI C-conforming const
configure:20427: gcc -c -g -O2  conftest.c >&5
configure:20427: $? = 0
configure:20434: result: yes
configure:20446: checking for stdlib.h
configure:20446: result: yes
configure:20456: checking for GNU libc compatible malloc
configure:20480: gcc -o conftest -g -O2   conftest.c -lgsl -lgslcblas -lm  >&5
configure:20480: $? = 0
configure:20480: ./conftest
configure:20480: $? = 0
configure:20490: result: yes
configure:20514: checking for floor
configure:20514: gcc -o conftest -g -O2   conftest.c -lgsl -lgslcblas -lm  >&5
conftest.c:62:6: warning: conflicting types for built-in function 'floor' [enabled by default]
configure:20514: $? = 0
configure:20514: result: yes
configure:20514: checking for sqrt
configure:20514: gcc -o conftest -g -O2   conftest.c -lgsl -lgslcblas -lm  >&5
conftest.c:63:6: warning: conflicting types for built-in function 'sqrt' [enabled by default]
configure:20514: $? = 0
configure:20514: result: yes
configure:20693: creating ./config.status

## ---------------------- ##
## Running config.status. ##
## ---------------------- ##

This file was extended by rgraph config.status 1.0.0, which was
generated by GNU Autoconf 2.65.  Invocation command line was

  CONFIG_FILES    = 
  CONFIG_HEADERS  = 
  CONFIG_LINKS    = 
  CONFIG_COMMANDS = 
  $ ./config.status 

on paupc

config.status:1165: creating lib/Makefile
config.status:1165: creating src/Makefile
config.status:1165: creating test/Makefile
config.status:1165: creating netcarto/Makefile
config.status:1165: creating bipartmod/Makefile
config.status:1165: creating utils/Makefile
config.status:1165: creating reliability/Makefile
config.status:1165: creating recommender/Makefile
config.status:1165: creating conflict/Makefile
config.status:1165: creating Makefile
config.status:1165: creating config.h
config.status:1385: executing depfiles commands
config.status:1385: executing libtool commands

## ---------------- ##
## Cache variables. ##
## ---------------- ##

ac_cv_build=i686-pc-linux-gnu
ac_cv_c_compiler_gnu=yes
ac_cv_c_const=yes
ac_cv_cxx_compiler_gnu=yes
ac_cv_env_CCC_set=
ac_cv_env_CCC_value=
ac_cv_env_CC_set=
ac_cv_env_CC_value=
ac_cv_env_CFLAGS_set=
ac_cv_env_CFLAGS_value=
ac_cv_env_CPPFLAGS_set=
ac_cv_env_CPPFLAGS_value=
ac_cv_env_CPP_set=
ac_cv_env_CPP_value=
ac_cv_env_CXXCPP_set=
ac_cv_env_CXXCPP_value=
ac_cv_env_CXXFLAGS_set=
ac_cv_env_CXXFLAGS_value=
ac_cv_env_CXX_set=
ac_cv_env_CXX_value=
ac_cv_env_LDFLAGS_set=
ac_cv_env_LDFLAGS_value=
ac_cv_env_LIBS_set=
ac_cv_env_LIBS_value=
ac_cv_env_build_alias_set=
ac_cv_env_build_alias_value=
ac_cv_env_host_alias_set=
ac_cv_env_host_alias_value=
ac_cv_env_target_alias_set=
ac_cv_env_target_alias_value=
ac_cv_func_floor=yes
ac_cv_func_malloc_0_nonnull=yes
ac_cv_func_sqrt=yes
ac_cv_func_tsearch=yes
ac_cv_have_decl_tdelete=yes
ac_cv_have_decl_tfind=yes
ac_cv_have_decl_tsearch=yes
ac_cv_have_decl_twalk=yes
ac_cv_header_dlfcn_h=yes
ac_cv_header_gsl_gsl_rng_h=yes
ac_cv_header_gsl_gsl_vector_h=yes
ac_cv_header_inttypes_h=yes
ac_cv_header_memory_h=yes
ac_cv_header_search_h=yes
ac_cv_header_stdbool_h=yes
ac_cv_header_stdc=yes
ac_cv_header_stdint_h=yes
ac_cv_header_stdlib_h=yes
ac_cv_header_string_h=yes
ac_cv_header_strings_h=yes
ac_cv_header_sys_stat_h=yes
ac_cv_header_sys_types_h=yes
ac_cv_header_unistd_h=yes
ac_cv_host=i686-pc-linux-gnu
ac_cv_lib_gsl_gsl_vector_set=yes
ac_cv_lib_gslcblas_cblas_zgemm=yes
ac_cv_lib_m_exp=yes
ac_cv_objext=o
ac_cv_path_EGREP='/bin/grep -E'
ac_cv_path_FGREP='/bin/grep -F'
ac_cv_path_GREP=/bin/grep
ac_cv_path_SED=/bin/sed
ac_cv_path_install='/usr/bin/install -c'
ac_cv_path_mkdir=/bin/mkdir
ac_cv_prog_AWK=mawk
ac_cv_prog_CPP='gcc -E'
ac_cv_prog_CXXCPP='g++ -E'
ac_cv_prog_ac_ct_AR=ar
ac_cv_prog_ac_ct_CC=gcc
ac_cv_prog_ac_ct_CXX=g++
ac_cv_prog_ac_ct_OBJDUMP=objdump
ac_cv_prog_ac_ct_RANLIB=ranlib
ac_cv_prog_ac_ct_STRIP=strip
ac_cv_prog_cc_c89=
ac_cv_prog_cc_g=yes
ac_cv_prog_cxx_g=yes
ac_cv_prog_make_make_set=yes
ac_cv_type__Bool=yes
ac_cv_type_size_t=yes
am_cv_CC_dependencies_compiler_type=gcc3
am_cv_CXX_dependencies_compiler_type=gcc3
gl_cv_func_tdelete_works=yes
gl_cv_have_include_next=yes
gl_cv_have_raw_decl_tdelete=yes
gl_cv_have_raw_decl_tfind=yes
gl_cv_have_raw_decl_tsearch=yes
gl_cv_have_raw_decl_twalk=yes
gl_cv_next_search_h='<search.h>'
lt_cv_archive_cmds_need_lc=no
lt_cv_compiler_c_o=yes
lt_cv_compiler_o_lo=yes
lt_cv_deplibs_check_method=pass_all
lt_cv_file_magic_cmd='$MAGIC_CMD'
lt_cv_file_magic_test_file=
lt_cv_ld_reload_flag=-r
lt_cv_nm_interface='BSD nm'
lt_cv_objdir=.libs
lt_cv_path_LD=/usr/bin/ld
lt_cv_path_LDCXX=/usr/bin/ld
lt_cv_path_NM='/usr/bin/nm -B'
lt_cv_path_SED=/bin/sed
lt_cv_prog_cc_can_build_shared=yes
lt_cv_prog_cc_no_builtin=
lt_cv_prog_cc_pic=' -fPIC'
lt_cv_prog_cc_pic_works=yes
lt_cv_prog_cc_shlib=
lt_cv_prog_cc_static=-static
lt_cv_prog_cc_static_works=yes
lt_cv_prog_cc_wl=-Wl,
lt_cv_prog_compiler_c_o=yes
lt_cv_prog_compiler_c_o_CXX=yes
lt_cv_prog_compiler_pic_works=yes
lt_cv_prog_compiler_pic_works_CXX=yes
lt_cv_prog_compiler_rtti_exceptions=no
lt_cv_prog_compiler_static_works=yes
lt_cv_prog_compiler_static_works_CXX=yes
lt_cv_prog_gnu_ld=yes
lt_cv_prog_gnu_ldcxx=yes
lt_cv_sys_global_symbol_pipe='sed -n -e '\''s/^.*[	 ]\([ABCDGIRSTW][ABCDGIRSTW]*\)[	 ][	 ]*\([_A-Za-z][_A-Za-z0-9]*\)$/\1 \2 \2/p'\'''
lt_cv_sys_global_symbol_to_c_name_address='sed -n -e '\''s/^: \([^ ]*\) $/  {\"\1\", (void *) 0},/p'\'' -e '\''s/^[ABCDGIRSTW]* \([^ ]*\) \([^ ]*\)$/  {"\2", (void *) \&\2},/p'\'''
lt_cv_sys_global_symbol_to_c_name_address_lib_prefix='sed -n -e '\''s/^: \([^ ]*\) $/  {\"\1\", (void *) 0},/p'\'' -e '\''s/^[ABCDGIRSTW]* \([^ ]*\) \(lib[^ ]*\)$/  {"\2", (void *) \&\2},/p'\'' -e '\''s/^[ABCDGIRSTW]* \([^ ]*\) \([^ ]*\)$/  {"lib\2", (void *) \&\2},/p'\'''
lt_cv_sys_global_symbol_to_cdecl='sed -n -e '\''s/^T .* \(.*\)$/extern int \1();/p'\'' -e '\''s/^[ABCDGIRSTW]* .* \(.*\)$/extern char \1;/p'\'''
lt_cv_sys_max_cmd_len=1572864

## ----------------- ##
## Output variables. ##
## ----------------- ##

ACLOCAL='${SHELL} /home/pau/Dropbox/MIIACS/Projecte/Programes/Comparador/rgraph-1.0.0/missing --run aclocal-1.11'
AMDEPBACKSLASH='\'
AMDEP_FALSE='#'
AMDEP_TRUE=''
AMTAR='${SHELL} /home/pau/Dropbox/MIIACS/Projecte/Programes/Comparador/rgraph-1.0.0/missing --run tar'
AR='ar'
AUTOCONF='${SHELL} /home/pau/Dropbox/MIIACS/Projecte/Programes/Comparador/rgraph-1.0.0/missing --run autoconf'
AUTOHEADER='${SHELL} /home/pau/Dropbox/MIIACS/Projecte/Programes/Comparador/rgraph-1.0.0/missing --run autoheader'
AUTOMAKE='${SHELL} /home/pau/Dropbox/MIIACS/Projecte/Programes/Comparador/rgraph-1.0.0/missing --run automake-1.11'
AWK='mawk'
CC='gcc'
CCDEPMODE='depmode=gcc3'
CFLAGS='-g -O2'
CPP='gcc -E'
CPPFLAGS=''
CXX='g++'
CXXCPP='g++ -E'
CXXDEPMODE='depmode=gcc3'
CXXFLAGS='-g -O2'
CYGPATH_W='echo'
DEFS='-DHAVE_CONFIG_H'
DEPDIR='.deps'
DSYMUTIL=''
DUMPBIN=''
ECHO='echo'
ECHO_C=''
ECHO_N='-n'
ECHO_T=''
EGREP='/bin/grep -E'
EXEEXT=''
FGREP='/bin/grep -F'
GL_COND_LIBTOOL_FALSE='#'
GL_COND_LIBTOOL_TRUE=''
GNULIB_TSEARCH='1'
GREP='/bin/grep'
HAVE_SEARCH_H='1'
HAVE_TSEARCH='1'
INCLUDE_NEXT='include_next'
INCLUDE_NEXT_AS_FIRST_DIRECTIVE='include_next'
INSTALL_DATA='${INSTALL} -m 644'
INSTALL_PROGRAM='${INSTALL}'
INSTALL_SCRIPT='${INSTALL}'
INSTALL_STRIP_PROGRAM='$(install_sh) -c -s'
LD='/usr/bin/ld'
LDFLAGS=''
LIBOBJS=''
LIBS='-lgsl -lgslcblas -lm '
LIBTOOL='$(SHELL) $(top_builddir)/libtool'
LIPO=''
LN_S='ln -s'
LTLIBOBJS=''
MAKEINFO='${SHELL} /home/pau/Dropbox/MIIACS/Projecte/Programes/Comparador/rgraph-1.0.0/missing --run makeinfo'
MKDIR_P='/bin/mkdir -p'
NEXT_AS_FIRST_DIRECTIVE_SEARCH_H='<search.h>'
NEXT_SEARCH_H='<search.h>'
NM='/usr/bin/nm -B'
NMEDIT=''
OBJDUMP='objdump'
OBJEXT='o'
OTOOL64=''
OTOOL=''
PACKAGE='rgraph'
PACKAGE_BUGREPORT='roger.guimera@gmail.com'
PACKAGE_NAME='rgraph'
PACKAGE_STRING='rgraph 1.0.0'
PACKAGE_TARNAME='rgraph'
PACKAGE_URL=''
PACKAGE_VERSION='1.0.0'
PATH_SEPARATOR=':'
PRAGMA_SYSTEM_HEADER='#pragma GCC system_header'
RANLIB='ranlib'
REPLACE_TSEARCH='0'
SED='/bin/sed'
SET_MAKE=''
SHELL='/bin/bash'
STRIP='strip'
VERSION='1.0.0'
ac_ct_CC='gcc'
ac_ct_CXX='g++'
ac_ct_DUMPBIN=''
am__EXEEXT_FALSE=''
am__EXEEXT_TRUE='#'
am__fastdepCC_FALSE='#'
am__fastdepCC_TRUE=''
am__fastdepCXX_FALSE='#'
am__fastdepCXX_TRUE=''
am__include='include'
am__isrc=''
am__leading_dot='.'
am__quote=''
am__tar='${AMTAR} chof - "$$tardir"'
am__untar='${AMTAR} xf -'
bindir='${exec_prefix}/bin'
build='i686-pc-linux-gnu'
build_alias=''
build_cpu='i686'
build_os='linux-gnu'
build_vendor='pc'
datadir='${datarootdir}'
datarootdir='${prefix}/share'
docdir='${datarootdir}/doc/${PACKAGE_TARNAME}'
dvidir='${docdir}'
exec_prefix='${prefix}'
gl_LIBOBJS=''
gl_LTLIBOBJS=''
gltests_LIBOBJS=''
gltests_LTLIBOBJS=''
gltests_WITNESS='IN_RGRAPH_GNULIB_TESTS'
host='i686-pc-linux-gnu'
host_alias=''
host_cpu='i686'
host_os='linux-gnu'
host_vendor='pc'
htmldir='${docdir}'
includedir='${prefix}/include'
infodir='${datarootdir}/info'
install_sh='${SHELL} /home/pau/Dropbox/MIIACS/Projecte/Programes/Comparador/rgraph-1.0.0/install-sh'
libdir='${exec_prefix}/lib'
libexecdir='${exec_prefix}/libexec'
localedir='${datarootdir}/locale'
localstatedir='${prefix}/var'
lt_ECHO='echo'
mandir='${datarootdir}/man'
mkdir_p='/bin/mkdir -p'
oldincludedir='/usr/include'
pdfdir='${docdir}'
prefix='/usr/local'
program_transform_name='s,x,x,'
psdir='${docdir}'
sbindir='${exec_prefix}/sbin'
sharedstatedir='${prefix}/com'
sysconfdir='${prefix}/etc'
target_alias=''

## ----------- ##
## confdefs.h. ##
## ----------- ##

/* confdefs.h */
#define PACKAGE_NAME "rgraph"
#define PACKAGE_TARNAME "rgraph"
#define PACKAGE_VERSION "1.0.0"
#define PACKAGE_STRING "rgraph 1.0.0"
#define PACKAGE_BUGREPORT "roger.guimera@gmail.com"
#define PACKAGE_URL ""
#define PACKAGE "rgraph"
#define VERSION "1.0.0"
#define STDC_HEADERS 1
#define HAVE_SYS_TYPES_H 1
#define HAVE_SYS_STAT_H 1
#define HAVE_STDLIB_H 1
#define HAVE_STRING_H 1
#define HAVE_MEMORY_H 1
#define HAVE_STRINGS_H 1
#define HAVE_INTTYPES_H 1
#define HAVE_STDINT_H 1
#define HAVE_UNISTD_H 1
#define HAVE_DLFCN_H 1
#define LT_OBJDIR ".libs/"
#define HAVE_DLFCN_H 1
#define HAVE_LIBM 1
#define HAVE_LIBGSLCBLAS 1
#define HAVE_LIBGSL 1
#define HAVE_SEARCH_H 1
#define HAVE_RAW_DECL_TDELETE 1
#define HAVE_RAW_DECL_TFIND 1
#define HAVE_RAW_DECL_TSEARCH 1
#define HAVE_RAW_DECL_TWALK 1
#define HAVE_TSEARCH 1
#define GNULIB_TEST_TSEARCH 1
#define STDC_HEADERS 1
#define HAVE__BOOL 1
#define HAVE_STDBOOL_H 1
#define HAVE_STDLIB_H 1
#define HAVE_MALLOC 1
#define HAVE_FLOOR 1
#define HAVE_SQRT 1

configure: exit 0
